Using pre-set license
Built from '2020.3/staging' branch; Version is '2020.3.3f1 (76626098c1c4) revision 7758432'; Using compiler version '192528614'; Build Type 'Release'
OS: 'Windows 10 Enterprise; OS build 19042.1288; Version 2009; 64bit' Language: 'ru' Physical Memory: 16367 MB
BatchMode: 1, IsHumanControllingUs: 0, StartBugReporterOnCrash: 0, Is64bit: 1, IsPro: 0

 COMMAND LINE ARGUMENTS:
D:\unity_projects\2020.3.3f1\Editor\Unity.exe
-adb2
-batchMode
-noUpm
-name
AssetImportWorker0
-projectPath
D:/unity_projects/multiplayer
-logFile
Logs/AssetImportWorker0.log
-srvPort
65487
Successfully changed project path to: D:/unity_projects/multiplayer
D:/unity_projects/multiplayer
Using Asset Import Pipeline V2.
Refreshing native plugins compatible for Editor in 54.40 ms, found 0 plugins.
Preloading 0 native plugins for Editor in 0.00 ms.
Initialize engine version: 2020.3.3f1 (76626098c1c4)
[Subsystems] Discovering subsystems at path D:/unity_projects/2020.3.3f1/Editor/Data/Resources/UnitySubsystems
[Subsystems] Discovering subsystems at path D:/unity_projects/multiplayer/Assets
GfxDevice: creating device client; threaded=0
Direct3D:
    Version:  Direct3D 11.0 [level 11.1]
    Renderer: NVIDIA GeForce GTX 1060 6GB (ID=0x1c03)
    Vendor:   
    VRAM:     6052 MB
    Driver:   27.21.14.5671
Initialize mono
Mono path[0] = 'D:/unity_projects/2020.3.3f1/Editor/Data/Managed'
Mono path[1] = 'D:/unity_projects/2020.3.3f1/Editor/Data/MonoBleedingEdge/lib/mono/unityjit'
Mono config path = 'D:/unity_projects/2020.3.3f1/Editor/Data/MonoBleedingEdge/etc'
Using monoOptions --debugger-agent=transport=dt_socket,embedding=1,server=y,suspend=n,address=127.0.0.1:56116
Begin MonoManager ReloadAssembly
Registering precompiled unity dll's ...
Register platform support module: D:/unity_projects/2020.3.3f1/Editor/Data/PlaybackEngines/WindowsStandaloneSupport/UnityEditor.WindowsStandalone.Extensions.dll
Registered in 0.002152 seconds.
Native extension for WindowsStandalone target not found
Refreshing native plugins compatible for Editor in 47.61 ms, found 0 plugins.
Preloading 0 native plugins for Editor in 0.00 ms.
Invoked RoslynAnalysisRunner static constructor.
RoslynAnalysisRunner will not be running.
RoslynAnalysisRunner has terminated.
Mono: successfully reloaded assembly
- Completed reload, in  1.506 seconds
Platform modules already initialized, skipping
Registering precompiled user dll's ...
Registered in 0.003199 seconds.
Begin MonoManager ReloadAssembly
Native extension for WindowsStandalone target not found
Refreshing native plugins compatible for Editor in 0.45 ms, found 0 plugins.
Preloading 0 native plugins for Editor in 0.00 ms.
Invoked RoslynAnalysisRunner static constructor.
RoslynAnalysisRunner will not be running.
RoslynAnalysisRunner has terminated.
Mono: successfully reloaded assembly
- Completed reload, in  1.492 seconds
Platform modules already initialized, skipping
========================================================================
Worker process is ready to serve import requests
Launched and connected shader compiler UnityShaderCompiler.exe after 0.10 seconds
Refreshing native plugins compatible for Editor in 0.47 ms, found 0 plugins.
Preloading 0 native plugins for Editor in 0.00 ms.
Unloading 1404 Unused Serialized files (Serialized files now loaded: 0)
System memory in use before: 65.3 MB.
System memory in use after: 65.3 MB.

Unloading 15 unused Assets to reduce memory usage. Loaded Objects now: 1841.
Total: 4.098400 ms (FindLiveObjects: 0.917100 ms CreateObjectMapping: 0.122700 ms MarkObjects: 2.906600 ms  DeleteObjects: 0.149600 ms)

========================================================================
Received Import Request.
  path: Assets/Scripts/Shooting.cs
  artifactKey: Guid(b70ac6cfcfe13984d854b5024a86b797) Importer(815301076,1909f56bfc062723c751e8b465ee728b)
Start importing Assets/Scripts/Shooting.cs using Guid(b70ac6cfcfe13984d854b5024a86b797) Importer(815301076,1909f56bfc062723c751e8b465ee728b)  -> (artifact id: '3c770b809861b20b2a6d8eabd146108a') in 0.099071 seconds
  Import took 0.103076 seconds .

========================================================================
Received Prepare
Registering precompiled user dll's ...
Registered in 0.003385 seconds.
Begin MonoManager ReloadAssembly
Native extension for WindowsStandalone target not found
Refreshing native plugins compatible for Editor in 0.52 ms, found 0 plugins.
Preloading 0 native plugins for Editor in 0.00 ms.
Invoked RoslynAnalysisRunner static constructor.
RoslynAnalysisRunner will not be running.
RoslynAnalysisRunner has terminated.
Mono: successfully reloaded assembly
- Completed reload, in  1.436 seconds
Platform modules already initialized, skipping
Refreshing native plugins compatible for Editor in 0.45 ms, found 0 plugins.
Preloading 0 native plugins for Editor in 0.00 ms.
Unloading 1399 Unused Serialized files (Serialized files now loaded: 0)
System memory in use before: 65.2 MB.
System memory in use after: 65.3 MB.

Unloading 10 unused Assets to reduce memory usage. Loaded Objects now: 1844.
Total: 2.808300 ms (FindLiveObjects: 0.302700 ms CreateObjectMapping: 0.090800 ms MarkObjects: 2.331800 ms  DeleteObjects: 0.076000 ms)

========================================================================
Received Import Request.
  Time since last request: 19.620910 seconds.
  path: Assets/Prefabs/FieldMat.mat
  artifactKey: Guid(3fcbfe93dfcb1864db76add65c94830d) Importer(815301076,1909f56bfc062723c751e8b465ee728b)
Start importing Assets/Prefabs/FieldMat.mat using Guid(3fcbfe93dfcb1864db76add65c94830d) Importer(815301076,1909f56bfc062723c751e8b465ee728b)  -> (artifact id: '7b7b123267c5d3b38cc0628cb3f2d7ca') in 0.376087 seconds
  Import took 0.380263 seconds .

========================================================================
Received Import Request.
  Time since last request: 35.143735 seconds.
  path: Assets/Prefabs/Bullet.prefab
  artifactKey: Guid(deda7b34d53cd8d408dd8f9c2f60a331) Importer(815301076,1909f56bfc062723c751e8b465ee728b)
Start importing Assets/Prefabs/Bullet.prefab using Guid(deda7b34d53cd8d408dd8f9c2f60a331) Importer(815301076,1909f56bfc062723c751e8b465ee728b)  -> (artifact id: '27920bacf7f3d2912b74e5aacdb63dfe') in 0.050055 seconds
  Import took 0.054140 seconds .

========================================================================
Received Import Request.
  Time since last request: 0.023274 seconds.
  path: Assets/Prefabs/Bullet.prefab
  artifactKey: Guid(deda7b34d53cd8d408dd8f9c2f60a331) Importer(815301076,1909f56bfc062723c751e8b465ee728b)
Start importing Assets/Prefabs/Bullet.prefab using Guid(deda7b34d53cd8d408dd8f9c2f60a331) Importer(815301076,1909f56bfc062723c751e8b465ee728b)  -> (artifact id: '27920bacf7f3d2912b74e5aacdb63dfe') in 0.009983 seconds
  Import took 0.013961 seconds .

========================================================================
Received Import Request.
  Time since last request: 8.699646 seconds.
  path: Assets/Prefabs/New Material.mat
  artifactKey: Guid(f2a1e95deebba77439c6fb8cf6146a2a) Importer(815301076,1909f56bfc062723c751e8b465ee728b)
Start importing Assets/Prefabs/New Material.mat using Guid(f2a1e95deebba77439c6fb8cf6146a2a) Importer(815301076,1909f56bfc062723c751e8b465ee728b)  -> (artifact id: '5ffab65b331a3928fe704b0b21797ffd') in 0.019892 seconds
  Import took 0.023845 seconds .

========================================================================
Received Import Request.
  Time since last request: 17.322189 seconds.
  path: Assets/Prefabs/Bullet.prefab
  artifactKey: Guid(deda7b34d53cd8d408dd8f9c2f60a331) Importer(815301076,1909f56bfc062723c751e8b465ee728b)
Start importing Assets/Prefabs/Bullet.prefab using Guid(deda7b34d53cd8d408dd8f9c2f60a331) Importer(815301076,1909f56bfc062723c751e8b465ee728b)  -> (artifact id: '86d94e2c13a5320159c0b9c9b5ae6ccd') in 0.013843 seconds
  Import took 0.018774 seconds .

========================================================================
Received Prepare
Registering precompiled user dll's ...
Registered in 0.003760 seconds.
Begin MonoManager ReloadAssembly
Native extension for WindowsStandalone target not found
Refreshing native plugins compatible for Editor in 0.50 ms, found 0 plugins.
Preloading 0 native plugins for Editor in 0.00 ms.
Invoked RoslynAnalysisRunner static constructor.
RoslynAnalysisRunner will not be running.
RoslynAnalysisRunner has terminated.
Mono: successfully reloaded assembly
- Completed reload, in  1.516 seconds
Platform modules already initialized, skipping
Refreshing native plugins compatible for Editor in 0.47 ms, found 0 plugins.
Preloading 0 native plugins for Editor in 0.00 ms.
Unloading 1399 Unused Serialized files (Serialized files now loaded: 0)
System memory in use before: 68.6 MB.
System memory in use after: 68.7 MB.

Unloading 11 unused Assets to reduce memory usage. Loaded Objects now: 1888.
Total: 2.641400 ms (FindLiveObjects: 0.319300 ms CreateObjectMapping: 0.091200 ms MarkObjects: 2.141900 ms  DeleteObjects: 0.087500 ms)

========================================================================
Received Import Request.
  Time since last request: 572.525580 seconds.
  path: Assets/Scripts/Shooting.cs
  artifactKey: Guid(b70ac6cfcfe13984d854b5024a86b797) Importer(815301076,1909f56bfc062723c751e8b465ee728b)
Start importing Assets/Scripts/Shooting.cs using Guid(b70ac6cfcfe13984d854b5024a86b797) Importer(815301076,1909f56bfc062723c751e8b465ee728b)  -> (artifact id: 'c1e8c0d306ebf4f507000a3b5ea3acb7') in 0.011889 seconds
  Import took 0.015486 seconds .

========================================================================
Received Prepare
Registering precompiled user dll's ...
Registered in 0.004423 seconds.
Begin MonoManager ReloadAssembly
Native extension for WindowsStandalone target not found
Refreshing native plugins compatible for Editor in 0.69 ms, found 0 plugins.
Preloading 0 native plugins for Editor in 0.00 ms.
Invoked RoslynAnalysisRunner static constructor.
RoslynAnalysisRunner will not be running.
RoslynAnalysisRunner has terminated.
Mono: successfully reloaded assembly
- Completed reload, in  1.922 seconds
Platform modules already initialized, skipping
Refreshing native plugins compatible for Editor in 0.59 ms, found 0 plugins.
Preloading 0 native plugins for Editor in 0.00 ms.
Unloading 1399 Unused Serialized files (Serialized files now loaded: 0)
System memory in use before: 68.6 MB.
System memory in use after: 68.7 MB.

Unloading 10 unused Assets to reduce memory usage. Loaded Objects now: 1891.
Total: 9.131200 ms (FindLiveObjects: 1.226400 ms CreateObjectMapping: 0.159400 ms MarkObjects: 7.658700 ms  DeleteObjects: 0.084100 ms)

========================================================================
Received Prepare
Registering precompiled user dll's ...
Registered in 0.003874 seconds.
Begin MonoManager ReloadAssembly
Native extension for WindowsStandalone target not found
Refreshing native plugins compatible for Editor in 0.46 ms, found 0 plugins.
Preloading 0 native plugins for Editor in 0.00 ms.
Invoked RoslynAnalysisRunner static constructor.
RoslynAnalysisRunner will not be running.
RoslynAnalysisRunner has terminated.
Mono: successfully reloaded assembly
- Completed reload, in  1.565 seconds
Platform modules already initialized, skipping
Refreshing native plugins compatible for Editor in 1.25 ms, found 0 plugins.
Preloading 0 native plugins for Editor in 0.00 ms.
Unloading 1399 Unused Serialized files (Serialized files now loaded: 0)
System memory in use before: 68.6 MB.
System memory in use after: 68.7 MB.

Unloading 10 unused Assets to reduce memory usage. Loaded Objects now: 1894.
Total: 3.152500 ms (FindLiveObjects: 0.357100 ms CreateObjectMapping: 0.096000 ms MarkObjects: 2.616400 ms  DeleteObjects: 0.081300 ms)

========================================================================
Received Import Request.
  Time since last request: 80.845065 seconds.
  path: Assets/Scripts/Shooting.cs
  artifactKey: Guid(b70ac6cfcfe13984d854b5024a86b797) Importer(815301076,1909f56bfc062723c751e8b465ee728b)
Start importing Assets/Scripts/Shooting.cs using Guid(b70ac6cfcfe13984d854b5024a86b797) Importer(815301076,1909f56bfc062723c751e8b465ee728b)  -> (artifact id: '0066d76b393d6fbaf19299ce6d08445c') in 0.007845 seconds
  Import took 0.012988 seconds .

========================================================================
Received Import Request.
  Time since last request: 2.464474 seconds.
  path: Assets/Scripts/Shooting.cs
  artifactKey: Guid(b70ac6cfcfe13984d854b5024a86b797) Importer(815301076,1909f56bfc062723c751e8b465ee728b)
Start importing Assets/Scripts/Shooting.cs using Guid(b70ac6cfcfe13984d854b5024a86b797) Importer(815301076,1909f56bfc062723c751e8b465ee728b)  -> (artifact id: '0066d76b393d6fbaf19299ce6d08445c') in 0.004064 seconds
  Import took 0.007912 seconds .

========================================================================
Received Prepare
Registering precompiled user dll's ...
Registered in 0.004447 seconds.
Begin MonoManager ReloadAssembly
Native extension for WindowsStandalone target not found
Refreshing native plugins compatible for Editor in 0.47 ms, found 0 plugins.
Preloading 0 native plugins for Editor in 0.00 ms.
Invoked RoslynAnalysisRunner static constructor.
RoslynAnalysisRunner will not be running.
RoslynAnalysisRunner has terminated.
Mono: successfully reloaded assembly
- Completed reload, in  1.468 seconds
Platform modules already initialized, skipping
Refreshing native plugins compatible for Editor in 0.46 ms, found 0 plugins.
Preloading 0 native plugins for Editor in 0.00 ms.
Unloading 1399 Unused Serialized files (Serialized files now loaded: 0)
System memory in use before: 68.6 MB.
System memory in use after: 68.7 MB.

Unloading 10 unused Assets to reduce memory usage. Loaded Objects now: 1897.
Total: 2.718700 ms (FindLiveObjects: 0.345100 ms CreateObjectMapping: 0.100800 ms MarkObjects: 2.198700 ms  DeleteObjects: 0.072700 ms)

========================================================================
Received Import Request.
  Time since last request: 29.218636 seconds.
  path: Assets/Prefabs/Sphere.prefab
  artifactKey: Guid(54cf8274b59782a4788aebd777c775d6) Importer(815301076,1909f56bfc062723c751e8b465ee728b)
Start importing Assets/Prefabs/Sphere.prefab using Guid(54cf8274b59782a4788aebd777c775d6) Importer(815301076,1909f56bfc062723c751e8b465ee728b)  -> (artifact id: '7d00f9938a2c1df9992d2341ac5c3221') in 0.099911 seconds
  Import took 0.103439 seconds .

========================================================================
Received Import Request.
  Time since last request: 1.960421 seconds.
  path: Assets/Prefabs/Sphere.prefab
  artifactKey: Guid(54cf8274b59782a4788aebd777c775d6) Importer(815301076,1909f56bfc062723c751e8b465ee728b)
Start importing Assets/Prefabs/Sphere.prefab using Guid(54cf8274b59782a4788aebd777c775d6) Importer(815301076,1909f56bfc062723c751e8b465ee728b)  -> (artifact id: 'c73832af6a4641df374be56cfd4e960e') in 0.014493 seconds
  Import took 0.019091 seconds .

========================================================================
Received Prepare
Registering precompiled user dll's ...
Registered in 0.004224 seconds.
Begin MonoManager ReloadAssembly
Native extension for WindowsStandalone target not found
Refreshing native plugins compatible for Editor in 0.47 ms, found 0 plugins.
Preloading 0 native plugins for Editor in 0.00 ms.
Invoked RoslynAnalysisRunner static constructor.
RoslynAnalysisRunner will not be running.
RoslynAnalysisRunner has terminated.
Mono: successfully reloaded assembly
- Completed reload, in  1.447 seconds
Platform modules already initialized, skipping
Refreshing native plugins compatible for Editor in 0.47 ms, found 0 plugins.
Preloading 0 native plugins for Editor in 0.00 ms.
Unloading 1399 Unused Serialized files (Serialized files now loaded: 0)
System memory in use before: 68.7 MB.
System memory in use after: 68.7 MB.

Unloading 11 unused Assets to reduce memory usage. Loaded Objects now: 1901.
Total: 2.711800 ms (FindLiveObjects: 0.312700 ms CreateObjectMapping: 0.089700 ms MarkObjects: 2.181500 ms  DeleteObjects: 0.126600 ms)

========================================================================
Received Import Request.
  Time since last request: 27.984433 seconds.
  path: Assets/Prefabs/Bullet.prefab
  artifactKey: Guid(deda7b34d53cd8d408dd8f9c2f60a331) Importer(815301076,1909f56bfc062723c751e8b465ee728b)
Start importing Assets/Prefabs/Bullet.prefab using Guid(deda7b34d53cd8d408dd8f9c2f60a331) Importer(815301076,1909f56bfc062723c751e8b465ee728b)  -> (artifact id: '0e1a639e61fc56549b0598e149fada29') in 0.110113 seconds
  Import took 0.115322 seconds .

========================================================================
Received Import Request.
  Time since last request: 0.186177 seconds.
  path: Assets/Prefabs/Bullet.prefab
  artifactKey: Guid(deda7b34d53cd8d408dd8f9c2f60a331) Importer(815301076,1909f56bfc062723c751e8b465ee728b)
Start importing Assets/Prefabs/Bullet.prefab using Guid(deda7b34d53cd8d408dd8f9c2f60a331) Importer(815301076,1909f56bfc062723c751e8b465ee728b)  -> (artifact id: 'bbd7527d97829a2fdf9bd03fae6a0767') in 0.034379 seconds
  Import took 0.038694 seconds .

========================================================================
Received Prepare
Registering precompiled user dll's ...
Registered in 0.003176 seconds.
Begin MonoManager ReloadAssembly
Native extension for WindowsStandalone target not found
Refreshing native plugins compatible for Editor in 0.49 ms, found 0 plugins.
Preloading 0 native plugins for Editor in 0.00 ms.
Invoked RoslynAnalysisRunner static constructor.
RoslynAnalysisRunner will not be running.
RoslynAnalysisRunner has terminated.
Mono: successfully reloaded assembly
- Completed reload, in  1.680 seconds
Platform modules already initialized, skipping
Refreshing native plugins compatible for Editor in 0.53 ms, found 0 plugins.
Preloading 0 native plugins for Editor in 0.00 ms.
Unloading 1399 Unused Serialized files (Serialized files now loaded: 0)
System memory in use before: 68.7 MB.
System memory in use after: 68.7 MB.

Unloading 10 unused Assets to reduce memory usage. Loaded Objects now: 1905.
Total: 3.227000 ms (FindLiveObjects: 0.315100 ms CreateObjectMapping: 0.091200 ms MarkObjects: 2.738800 ms  DeleteObjects: 0.080400 ms)

========================================================================
Received Import Request.
  Time since last request: 56.069295 seconds.
  path: Assets/Prefabs/BulletMat.mat
  artifactKey: Guid(f2a1e95deebba77439c6fb8cf6146a2a) Importer(815301076,1909f56bfc062723c751e8b465ee728b)
Start importing Assets/Prefabs/BulletMat.mat using Guid(f2a1e95deebba77439c6fb8cf6146a2a) Importer(815301076,1909f56bfc062723c751e8b465ee728b)  -> (artifact id: '76a23cbaab6e054e8677bb38618399be') in 0.110684 seconds
  Import took 0.114970 seconds .

========================================================================
Received Prepare
Registering precompiled user dll's ...
Registered in 0.003639 seconds.
Begin MonoManager ReloadAssembly
Native extension for WindowsStandalone target not found
Refreshing native plugins compatible for Editor in 0.48 ms, found 0 plugins.
Preloading 0 native plugins for Editor in 0.00 ms.
Invoked RoslynAnalysisRunner static constructor.
RoslynAnalysisRunner will not be running.
RoslynAnalysisRunner has terminated.
Mono: successfully reloaded assembly
- Completed reload, in  1.597 seconds
Platform modules already initialized, skipping
Refreshing native plugins compatible for Editor in 0.51 ms, found 0 plugins.
Preloading 0 native plugins for Editor in 0.00 ms.
Unloading 1399 Unused Serialized files (Serialized files now loaded: 0)
System memory in use before: 68.7 MB.
System memory in use after: 68.8 MB.

Unloading 10 unused Assets to reduce memory usage. Loaded Objects now: 1909.
Total: 3.074600 ms (FindLiveObjects: 0.333800 ms CreateObjectMapping: 0.096100 ms MarkObjects: 2.559900 ms  DeleteObjects: 0.082800 ms)

========================================================================
Received Import Request.
  Time since last request: 191.573857 seconds.
  path: Assets/Prefabs/Sphere.prefab
  artifactKey: Guid(54cf8274b59782a4788aebd777c775d6) Importer(815301076,1909f56bfc062723c751e8b465ee728b)
Start importing Assets/Prefabs/Sphere.prefab using Guid(54cf8274b59782a4788aebd777c775d6) Importer(815301076,1909f56bfc062723c751e8b465ee728b)  -> (artifact id: 'bb6731f75914a3fed52f9d3c8cab0977') in 0.113873 seconds
  Import took 0.117852 seconds .

========================================================================
Received Import Request.
  Time since last request: 1.933707 seconds.
  path: Assets/Prefabs/Sphere.prefab
  artifactKey: Guid(54cf8274b59782a4788aebd777c775d6) Importer(815301076,1909f56bfc062723c751e8b465ee728b)
Start importing Assets/Prefabs/Sphere.prefab using Guid(54cf8274b59782a4788aebd777c775d6) Importer(815301076,1909f56bfc062723c751e8b465ee728b)  -> (artifact id: 'bb6731f75914a3fed52f9d3c8cab0977') in 0.011553 seconds
  Import took 0.015272 seconds .

========================================================================
Received Prepare
Registering precompiled user dll's ...
Registered in 0.003506 seconds.
Begin MonoManager ReloadAssembly
Native extension for WindowsStandalone target not found
Refreshing native plugins compatible for Editor in 0.46 ms, found 0 plugins.
Preloading 0 native plugins for Editor in 0.00 ms.
Invoked RoslynAnalysisRunner static constructor.
RoslynAnalysisRunner will not be running.
RoslynAnalysisRunner has terminated.
Mono: successfully reloaded assembly
- Completed reload, in  1.524 seconds
Platform modules already initialized, skipping
Refreshing native plugins compatible for Editor in 0.47 ms, found 0 plugins.
Preloading 0 native plugins for Editor in 0.00 ms.
Unloading 1399 Unused Serialized files (Serialized files now loaded: 0)
System memory in use before: 68.7 MB.
System memory in use after: 68.8 MB.

Unloading 11 unused Assets to reduce memory usage. Loaded Objects now: 1913.
Total: 2.585500 ms (FindLiveObjects: 0.349400 ms CreateObjectMapping: 0.114600 ms MarkObjects: 2.032100 ms  DeleteObjects: 0.087200 ms)

========================================================================
Received Prepare
Registering precompiled user dll's ...
Registered in 0.003876 seconds.
Begin MonoManager ReloadAssembly
Native extension for WindowsStandalone target not found
Refreshing native plugins compatible for Editor in 0.50 ms, found 0 plugins.
Preloading 0 native plugins for Editor in 0.00 ms.
Invoked RoslynAnalysisRunner static constructor.
RoslynAnalysisRunner will not be running.
RoslynAnalysisRunner has terminated.
Mono: successfully reloaded assembly
- Completed reload, in  1.514 seconds
Platform modules already initialized, skipping
Refreshing native plugins compatible for Editor in 0.50 ms, found 0 plugins.
Preloading 0 native plugins for Editor in 0.00 ms.
Unloading 1399 Unused Serialized files (Serialized files now loaded: 0)
System memory in use before: 68.7 MB.
System memory in use after: 68.8 MB.

Unloading 10 unused Assets to reduce memory usage. Loaded Objects now: 1916.
Total: 3.248800 ms (FindLiveObjects: 0.483900 ms CreateObjectMapping: 0.139600 ms MarkObjects: 2.533200 ms  DeleteObjects: 0.090200 ms)

========================================================================
Received Import Request.
  Time since last request: 40.977695 seconds.
  path: Assets/Prefabs/Sphere.prefab
  artifactKey: Guid(54cf8274b59782a4788aebd777c775d6) Importer(815301076,1909f56bfc062723c751e8b465ee728b)
Start importing Assets/Prefabs/Sphere.prefab using Guid(54cf8274b59782a4788aebd777c775d6) Importer(815301076,1909f56bfc062723c751e8b465ee728b)  -> (artifact id: 'eaa5c5375944597f83cb067cc6eca70b') in 0.100610 seconds
  Import took 0.105028 seconds .

========================================================================
Received Prepare
Registering precompiled user dll's ...
Registered in 0.004010 seconds.
Begin MonoManager ReloadAssembly
Native extension for WindowsStandalone target not found
Refreshing native plugins compatible for Editor in 0.50 ms, found 0 plugins.
Preloading 0 native plugins for Editor in 0.00 ms.
Invoked RoslynAnalysisRunner static constructor.
RoslynAnalysisRunner will not be running.
RoslynAnalysisRunner has terminated.
Mono: successfully reloaded assembly
- Completed reload, in  1.599 seconds
Platform modules already initialized, skipping
Refreshing native plugins compatible for Editor in 0.65 ms, found 0 plugins.
Preloading 0 native plugins for Editor in 0.00 ms.
Unloading 1399 Unused Serialized files (Serialized files now loaded: 0)
System memory in use before: 68.7 MB.
System memory in use after: 68.8 MB.

Unloading 11 unused Assets to reduce memory usage. Loaded Objects now: 1920.
Total: 3.208000 ms (FindLiveObjects: 0.449300 ms CreateObjectMapping: 0.145800 ms MarkObjects: 2.517200 ms  DeleteObjects: 0.093800 ms)

========================================================================
Received Import Request.
  Time since last request: 41.061879 seconds.
  path: Assets/Prefabs/Sphere.prefab
  artifactKey: Guid(54cf8274b59782a4788aebd777c775d6) Importer(815301076,1909f56bfc062723c751e8b465ee728b)
Start importing Assets/Prefabs/Sphere.prefab using Guid(54cf8274b59782a4788aebd777c775d6) Importer(815301076,1909f56bfc062723c751e8b465ee728b)  -> (artifact id: 'c0910be0f17f3165eaca03c22eeeaa71') in 0.123998 seconds
  Import took 0.129031 seconds .

========================================================================
Received Prepare
Registering precompiled user dll's ...
Registered in 0.003866 seconds.
Begin MonoManager ReloadAssembly
Native extension for WindowsStandalone target not found
Refreshing native plugins compatible for Editor in 0.57 ms, found 0 plugins.
Preloading 0 native plugins for Editor in 0.00 ms.
Invoked RoslynAnalysisRunner static constructor.
RoslynAnalysisRunner will not be running.
RoslynAnalysisRunner has terminated.
Mono: successfully reloaded assembly
- Completed reload, in  1.502 seconds
Platform modules already initialized, skipping
Refreshing native plugins compatible for Editor in 0.56 ms, found 0 plugins.
Preloading 0 native plugins for Editor in 0.00 ms.
Unloading 1399 Unused Serialized files (Serialized files now loaded: 0)
System memory in use before: 68.7 MB.
System memory in use after: 68.8 MB.

Unloading 11 unused Assets to reduce memory usage. Loaded Objects now: 1924.
Total: 2.533500 ms (FindLiveObjects: 0.324700 ms CreateObjectMapping: 0.090500 ms MarkObjects: 2.038200 ms  DeleteObjects: 0.078700 ms)

========================================================================
Received Import Request.
  Time since last request: 98.350604 seconds.
  path: Assets/Prefabs/Sphere.prefab
  artifactKey: Guid(54cf8274b59782a4788aebd777c775d6) Importer(815301076,1909f56bfc062723c751e8b465ee728b)
Start importing Assets/Prefabs/Sphere.prefab using Guid(54cf8274b59782a4788aebd777c775d6) Importer(815301076,1909f56bfc062723c751e8b465ee728b)  -> (artifact id: 'c3ed8bbc98c4e05db673052b581973a1') in 0.106064 seconds
  Import took 0.110225 seconds .

========================================================================
Received Prepare
Registering precompiled user dll's ...
Registered in 0.004122 seconds.
Begin MonoManager ReloadAssembly
Native extension for WindowsStandalone target not found
Refreshing native plugins compatible for Editor in 0.47 ms, found 0 plugins.
Preloading 0 native plugins for Editor in 0.00 ms.
Invoked RoslynAnalysisRunner static constructor.
RoslynAnalysisRunner will not be running.
RoslynAnalysisRunner has terminated.
Mono: successfully reloaded assembly
- Completed reload, in  1.564 seconds
Platform modules already initialized, skipping
Refreshing native plugins compatible for Editor in 0.47 ms, found 0 plugins.
Preloading 0 native plugins for Editor in 0.00 ms.
Unloading 1399 Unused Serialized files (Serialized files now loaded: 0)
System memory in use before: 68.8 MB.
System memory in use after: 68.8 MB.

Unloading 11 unused Assets to reduce memory usage. Loaded Objects now: 1928.
Total: 3.397900 ms (FindLiveObjects: 0.353700 ms CreateObjectMapping: 0.093700 ms MarkObjects: 2.842600 ms  DeleteObjects: 0.105800 ms)

========================================================================
Received Prepare
Registering precompiled user dll's ...
Registered in 0.010006 seconds.
Begin MonoManager ReloadAssembly
Native extension for WindowsStandalone target not found
Refreshing native plugins compatible for Editor in 0.49 ms, found 0 plugins.
Preloading 0 native plugins for Editor in 0.00 ms.
Invoked RoslynAnalysisRunner static constructor.
RoslynAnalysisRunner will not be running.
RoslynAnalysisRunner has terminated.
Mono: successfully reloaded assembly
- Completed reload, in  1.717 seconds
Platform modules already initialized, skipping
Refreshing native plugins compatible for Editor in 0.48 ms, found 0 plugins.
Preloading 0 native plugins for Editor in 0.00 ms.
Unloading 1399 Unused Serialized files (Serialized files now loaded: 0)
System memory in use before: 68.8 MB.
System memory in use after: 68.8 MB.

Unloading 10 unused Assets to reduce memory usage. Loaded Objects now: 1931.
Total: 3.560100 ms (FindLiveObjects: 0.415300 ms CreateObjectMapping: 0.097600 ms MarkObjects: 2.964400 ms  DeleteObjects: 0.080800 ms)

AssetImportWorkerClient::OnTransportError - code=2 error=End of file
